<testsuite failures="0" name="src/test/java/first/01_test.feature" skipped="0" tests="1" time="0.867422">
  <testcase classname="src.test.java.first.01_test" name="Make the Primary call to check posts status" time="0.867422">
    <system-out>* url 'https://jsonplaceholder.typicode.com/' ............................. passed
* print "In first folder and ran 01_test.feature" ......................... passed
Given path 'posts' ........................................................ passed
When method GET ........................................................... passed
Then status 200 ........................................................... passed
Then print "Title of the post with Id : 1 is --&gt; ",  response[0].title .... passed</system-out>
  </testcase>
</testsuite>
