<?xml version="1.0" encoding="UTF-8"?>
<testsuite name="feature.DemoKarateTest" tests="0" skipped="0" failures="0" errors="0" timestamp="1970-01-01T00:00:00" hostname="SSHROFFPF0TAYW8" time="0.0">
  <properties/>
  <system-out><![CDATA[21:58:35.114 [Test worker] DEBUG org.apache.http.client.protocol.RequestAddCookies - CookieSpec selected: karate
21:58:35.122 [Test worker] DEBUG org.apache.http.client.protocol.RequestAuthCache - Auth cache not set in the context
21:58:35.123 [Test worker] DEBUG com.intuit.karate - 
1 > GET http://localhost:3000/posts/1
1 > Accept-Encoding: gzip,deflate
1 > Connection: Keep-Alive
1 > Host: localhost:3000
1 > User-Agent: Apache-HttpClient/4.5.5 (Java/1.8.0_152)

21:58:35.125 [Test worker] DEBUG org.apache.http.impl.conn.PoolingHttpClientConnectionManager - Connection request: [route: {}->http://localhost:3000][total kept alive: 0; route allocated: 0 of 5; total allocated: 0 of 10]
21:58:35.147 [Test worker] DEBUG org.apache.http.impl.conn.PoolingHttpClientConnectionManager - Connection leased: [id: 0][route: {}->http://localhost:3000][total kept alive: 0; route allocated: 1 of 5; total allocated: 1 of 10]
21:58:35.149 [Test worker] DEBUG org.apache.http.impl.execchain.MainClientExec - Opening connection {}->http://localhost:3000
21:58:35.154 [Test worker] DEBUG org.apache.http.impl.conn.DefaultHttpClientConnectionOperator - Connecting to localhost/127.0.0.1:3000
21:58:35.156 [Test worker] DEBUG org.apache.http.impl.conn.DefaultHttpClientConnectionOperator - Connection established 127.0.0.1:3104<->127.0.0.1:3000
21:58:35.156 [Test worker] DEBUG org.apache.http.impl.conn.DefaultManagedHttpClientConnection - http-outgoing-0: set socket timeout to 30000
21:58:35.157 [Test worker] DEBUG org.apache.http.impl.execchain.MainClientExec - Executing request GET /posts/1 HTTP/1.1
21:58:35.157 [Test worker] DEBUG org.apache.http.impl.execchain.MainClientExec - Target auth state: UNCHALLENGED
21:58:35.158 [Test worker] DEBUG org.apache.http.impl.execchain.MainClientExec - Proxy auth state: UNCHALLENGED
21:58:35.160 [Test worker] DEBUG org.apache.http.headers - http-outgoing-0 >> GET /posts/1 HTTP/1.1
21:58:35.161 [Test worker] DEBUG org.apache.http.headers - http-outgoing-0 >> Host: localhost:3000
21:58:35.161 [Test worker] DEBUG org.apache.http.headers - http-outgoing-0 >> Connection: Keep-Alive
21:58:35.161 [Test worker] DEBUG org.apache.http.headers - http-outgoing-0 >> User-Agent: Apache-HttpClient/4.5.5 (Java/1.8.0_152)
21:58:35.161 [Test worker] DEBUG org.apache.http.headers - http-outgoing-0 >> Accept-Encoding: gzip,deflate
21:58:35.161 [Test worker] DEBUG org.apache.http.wire - http-outgoing-0 >> "GET /posts/1 HTTP/1.1[\r][\n]"
21:58:35.161 [Test worker] DEBUG org.apache.http.wire - http-outgoing-0 >> "Host: localhost:3000[\r][\n]"
21:58:35.161 [Test worker] DEBUG org.apache.http.wire - http-outgoing-0 >> "Connection: Keep-Alive[\r][\n]"
21:58:35.162 [Test worker] DEBUG org.apache.http.wire - http-outgoing-0 >> "User-Agent: Apache-HttpClient/4.5.5 (Java/1.8.0_152)[\r][\n]"
21:58:35.162 [Test worker] DEBUG org.apache.http.wire - http-outgoing-0 >> "Accept-Encoding: gzip,deflate[\r][\n]"
21:58:35.162 [Test worker] DEBUG org.apache.http.wire - http-outgoing-0 >> "[\r][\n]"
21:58:35.164 [Test worker] DEBUG org.apache.http.wire - http-outgoing-0 << "HTTP/1.1 200 OK[\r][\n]"
21:58:35.164 [Test worker] DEBUG org.apache.http.wire - http-outgoing-0 << "X-Powered-By: Express[\r][\n]"
21:58:35.164 [Test worker] DEBUG org.apache.http.wire - http-outgoing-0 << "Vary: Origin, Accept-Encoding[\r][\n]"
21:58:35.165 [Test worker] DEBUG org.apache.http.wire - http-outgoing-0 << "Access-Control-Allow-Credentials: true[\r][\n]"
21:58:35.165 [Test worker] DEBUG org.apache.http.wire - http-outgoing-0 << "Cache-Control: no-cache[\r][\n]"
21:58:35.165 [Test worker] DEBUG org.apache.http.wire - http-outgoing-0 << "Pragma: no-cache[\r][\n]"
21:58:35.165 [Test worker] DEBUG org.apache.http.wire - http-outgoing-0 << "Expires: -1[\r][\n]"
21:58:35.165 [Test worker] DEBUG org.apache.http.wire - http-outgoing-0 << "X-Content-Type-Options: nosniff[\r][\n]"
21:58:35.165 [Test worker] DEBUG org.apache.http.wire - http-outgoing-0 << "Content-Type: application/json; charset=utf-8[\r][\n]"
21:58:35.165 [Test worker] DEBUG org.apache.http.wire - http-outgoing-0 << "Content-Length: 57[\r][\n]"
21:58:35.165 [Test worker] DEBUG org.apache.http.wire - http-outgoing-0 << "ETag: W/"39-qV/Ur5pL1/g2DORkVBGXhyNZ3gc"[\r][\n]"
21:58:35.165 [Test worker] DEBUG org.apache.http.wire - http-outgoing-0 << "Date: Thu, 24 May 2018 16:28:35 GMT[\r][\n]"
21:58:35.165 [Test worker] DEBUG org.apache.http.wire - http-outgoing-0 << "Connection: keep-alive[\r][\n]"
21:58:35.165 [Test worker] DEBUG org.apache.http.wire - http-outgoing-0 << "[\r][\n]"
21:58:35.166 [Test worker] DEBUG org.apache.http.wire - http-outgoing-0 << "{[\n]"
21:58:35.166 [Test worker] DEBUG org.apache.http.wire - http-outgoing-0 << "  "id": 1,[\n]"
21:58:35.166 [Test worker] DEBUG org.apache.http.wire - http-outgoing-0 << "  "title": "TITLE1",[\n]"
21:58:35.166 [Test worker] DEBUG org.apache.http.wire - http-outgoing-0 << "  "author": "AUTHOR1"[\n]"
21:58:35.166 [Test worker] DEBUG org.apache.http.wire - http-outgoing-0 << "}"
21:58:35.171 [Test worker] DEBUG org.apache.http.headers - http-outgoing-0 << HTTP/1.1 200 OK
21:58:35.171 [Test worker] DEBUG org.apache.http.headers - http-outgoing-0 << X-Powered-By: Express
21:58:35.171 [Test worker] DEBUG org.apache.http.headers - http-outgoing-0 << Vary: Origin, Accept-Encoding
21:58:35.171 [Test worker] DEBUG org.apache.http.headers - http-outgoing-0 << Access-Control-Allow-Credentials: true
21:58:35.172 [Test worker] DEBUG org.apache.http.headers - http-outgoing-0 << Cache-Control: no-cache
21:58:35.172 [Test worker] DEBUG org.apache.http.headers - http-outgoing-0 << Pragma: no-cache
21:58:35.172 [Test worker] DEBUG org.apache.http.headers - http-outgoing-0 << Expires: -1
21:58:35.172 [Test worker] DEBUG org.apache.http.headers - http-outgoing-0 << X-Content-Type-Options: nosniff
21:58:35.172 [Test worker] DEBUG org.apache.http.headers - http-outgoing-0 << Content-Type: application/json; charset=utf-8
21:58:35.172 [Test worker] DEBUG org.apache.http.headers - http-outgoing-0 << Content-Length: 57
21:58:35.172 [Test worker] DEBUG org.apache.http.headers - http-outgoing-0 << ETag: W/"39-qV/Ur5pL1/g2DORkVBGXhyNZ3gc"
21:58:35.173 [Test worker] DEBUG org.apache.http.headers - http-outgoing-0 << Date: Thu, 24 May 2018 16:28:35 GMT
21:58:35.173 [Test worker] DEBUG org.apache.http.headers - http-outgoing-0 << Connection: keep-alive
21:58:35.181 [Test worker] DEBUG org.apache.http.impl.execchain.MainClientExec - Connection can be kept alive indefinitely
21:58:35.186 [Test worker] DEBUG org.apache.http.impl.conn.PoolingHttpClientConnectionManager - Connection [id: 0][route: {}->http://localhost:3000] can be kept alive indefinitely
21:58:35.186 [Test worker] DEBUG org.apache.http.impl.conn.DefaultManagedHttpClientConnection - http-outgoing-0: set socket timeout to 0
21:58:35.186 [Test worker] DEBUG org.apache.http.impl.conn.PoolingHttpClientConnectionManager - Connection released: [id: 0][route: {}->http://localhost:3000][total kept alive: 1; route allocated: 1 of 5; total allocated: 1 of 10]
21:58:35.186 [Test worker] DEBUG com.intuit.karate - 
1 < 200
1 < Access-Control-Allow-Credentials: true
1 < Cache-Control: no-cache
1 < Connection: keep-alive
1 < Content-Length: 57
1 < Content-Type: application/json; charset=utf-8
1 < Date: Thu, 24 May 2018 16:28:35 GMT
1 < ETag: W/"39-qV/Ur5pL1/g2DORkVBGXhyNZ3gc"
1 < Expires: -1
1 < Pragma: no-cache
1 < Vary: Origin, Accept-Encoding
1 < X-Content-Type-Options: nosniff
1 < X-Powered-By: Express
{
  "id": 1,
  "title": "TITLE1",
  "author": "AUTHOR1"
}

21:58:35.189 [Test worker] DEBUG com.intuit.karate - response time in milliseconds: 459
21:58:35.321 [Test worker] DEBUG com.jayway.jsonpath.internal.path.CompiledPath - Evaluating path: $
21:58:35.327 [Test worker] DEBUG com.jayway.jsonpath.internal.path.CompiledPath - Evaluating path: $
21:58:35.327 [Test worker] DEBUG com.jayway.jsonpath.internal.path.CompiledPath - Evaluating path: $
21:58:35.363 [Test worker] DEBUG org.apache.http.client.protocol.RequestAddCookies - CookieSpec selected: karate
21:58:35.363 [Test worker] DEBUG org.apache.http.client.protocol.RequestAuthCache - Auth cache not set in the context
21:58:35.364 [Test worker] DEBUG com.intuit.karate - 
1 > GET http://localhost:3000/posts/2
1 > Accept-Encoding: gzip,deflate
1 > Connection: Keep-Alive
1 > Host: localhost:3000
1 > User-Agent: Apache-HttpClient/4.5.5 (Java/1.8.0_152)

21:58:35.365 [Test worker] DEBUG org.apache.http.impl.conn.PoolingHttpClientConnectionManager - Connection request: [route: {}->http://localhost:3000][total kept alive: 0; route allocated: 0 of 5; total allocated: 0 of 10]
21:58:35.366 [Test worker] DEBUG org.apache.http.impl.conn.PoolingHttpClientConnectionManager - Connection leased: [id: 1][route: {}->http://localhost:3000][total kept alive: 0; route allocated: 1 of 5; total allocated: 1 of 10]
21:58:35.366 [Test worker] DEBUG org.apache.http.impl.execchain.MainClientExec - Opening connection {}->http://localhost:3000
21:58:35.367 [Test worker] DEBUG org.apache.http.impl.conn.DefaultHttpClientConnectionOperator - Connecting to localhost/127.0.0.1:3000
21:58:35.368 [Test worker] DEBUG org.apache.http.impl.conn.DefaultHttpClientConnectionOperator - Connection established 127.0.0.1:3105<->127.0.0.1:3000
21:58:35.369 [Test worker] DEBUG org.apache.http.impl.conn.DefaultManagedHttpClientConnection - http-outgoing-1: set socket timeout to 30000
21:58:35.369 [Test worker] DEBUG org.apache.http.impl.execchain.MainClientExec - Executing request GET /posts/2 HTTP/1.1
21:58:35.369 [Test worker] DEBUG org.apache.http.impl.execchain.MainClientExec - Target auth state: UNCHALLENGED
21:58:35.369 [Test worker] DEBUG org.apache.http.impl.execchain.MainClientExec - Proxy auth state: UNCHALLENGED
21:58:35.370 [Test worker] DEBUG org.apache.http.headers - http-outgoing-1 >> GET /posts/2 HTTP/1.1
21:58:35.370 [Test worker] DEBUG org.apache.http.headers - http-outgoing-1 >> Host: localhost:3000
21:58:35.370 [Test worker] DEBUG org.apache.http.headers - http-outgoing-1 >> Connection: Keep-Alive
21:58:35.370 [Test worker] DEBUG org.apache.http.headers - http-outgoing-1 >> User-Agent: Apache-HttpClient/4.5.5 (Java/1.8.0_152)
21:58:35.370 [Test worker] DEBUG org.apache.http.headers - http-outgoing-1 >> Accept-Encoding: gzip,deflate
21:58:35.370 [Test worker] DEBUG org.apache.http.wire - http-outgoing-1 >> "GET /posts/2 HTTP/1.1[\r][\n]"
21:58:35.370 [Test worker] DEBUG org.apache.http.wire - http-outgoing-1 >> "Host: localhost:3000[\r][\n]"
21:58:35.370 [Test worker] DEBUG org.apache.http.wire - http-outgoing-1 >> "Connection: Keep-Alive[\r][\n]"
21:58:35.370 [Test worker] DEBUG org.apache.http.wire - http-outgoing-1 >> "User-Agent: Apache-HttpClient/4.5.5 (Java/1.8.0_152)[\r][\n]"
21:58:35.370 [Test worker] DEBUG org.apache.http.wire - http-outgoing-1 >> "Accept-Encoding: gzip,deflate[\r][\n]"
21:58:35.370 [Test worker] DEBUG org.apache.http.wire - http-outgoing-1 >> "[\r][\n]"
21:58:35.372 [Test worker] DEBUG org.apache.http.wire - http-outgoing-1 << "HTTP/1.1 200 OK[\r][\n]"
21:58:35.373 [Test worker] DEBUG org.apache.http.wire - http-outgoing-1 << "X-Powered-By: Express[\r][\n]"
21:58:35.373 [Test worker] DEBUG org.apache.http.wire - http-outgoing-1 << "Vary: Origin, Accept-Encoding[\r][\n]"
21:58:35.373 [Test worker] DEBUG org.apache.http.wire - http-outgoing-1 << "Access-Control-Allow-Credentials: true[\r][\n]"
21:58:35.373 [Test worker] DEBUG org.apache.http.wire - http-outgoing-1 << "Cache-Control: no-cache[\r][\n]"
21:58:35.373 [Test worker] DEBUG org.apache.http.wire - http-outgoing-1 << "Pragma: no-cache[\r][\n]"
21:58:35.373 [Test worker] DEBUG org.apache.http.wire - http-outgoing-1 << "Expires: -1[\r][\n]"
21:58:35.373 [Test worker] DEBUG org.apache.http.wire - http-outgoing-1 << "X-Content-Type-Options: nosniff[\r][\n]"
21:58:35.373 [Test worker] DEBUG org.apache.http.wire - http-outgoing-1 << "Content-Type: application/json; charset=utf-8[\r][\n]"
21:58:35.373 [Test worker] DEBUG org.apache.http.wire - http-outgoing-1 << "Content-Length: 57[\r][\n]"
21:58:35.373 [Test worker] DEBUG org.apache.http.wire - http-outgoing-1 << "ETag: W/"39-DZCljs7lO78mlzzLhpZDAWLscNQ"[\r][\n]"
21:58:35.373 [Test worker] DEBUG org.apache.http.wire - http-outgoing-1 << "Date: Thu, 24 May 2018 16:28:35 GMT[\r][\n]"
21:58:35.373 [Test worker] DEBUG org.apache.http.wire - http-outgoing-1 << "Connection: keep-alive[\r][\n]"
21:58:35.373 [Test worker] DEBUG org.apache.http.wire - http-outgoing-1 << "[\r][\n]"
21:58:35.373 [Test worker] DEBUG org.apache.http.wire - http-outgoing-1 << "{[\n]"
21:58:35.374 [Test worker] DEBUG org.apache.http.wire - http-outgoing-1 << "  "id": 2,[\n]"
21:58:35.374 [Test worker] DEBUG org.apache.http.wire - http-outgoing-1 << "  "title": "TITLE2",[\n]"
21:58:35.374 [Test worker] DEBUG org.apache.http.wire - http-outgoing-1 << "  "author": "AUTHOR2"[\n]"
21:58:35.374 [Test worker] DEBUG org.apache.http.wire - http-outgoing-1 << "}"
21:58:35.374 [Test worker] DEBUG org.apache.http.headers - http-outgoing-1 << HTTP/1.1 200 OK
21:58:35.374 [Test worker] DEBUG org.apache.http.headers - http-outgoing-1 << X-Powered-By: Express
21:58:35.374 [Test worker] DEBUG org.apache.http.headers - http-outgoing-1 << Vary: Origin, Accept-Encoding
21:58:35.374 [Test worker] DEBUG org.apache.http.headers - http-outgoing-1 << Access-Control-Allow-Credentials: true
21:58:35.374 [Test worker] DEBUG org.apache.http.headers - http-outgoing-1 << Cache-Control: no-cache
21:58:35.374 [Test worker] DEBUG org.apache.http.headers - http-outgoing-1 << Pragma: no-cache
21:58:35.374 [Test worker] DEBUG org.apache.http.headers - http-outgoing-1 << Expires: -1
21:58:35.375 [Test worker] DEBUG org.apache.http.headers - http-outgoing-1 << X-Content-Type-Options: nosniff
21:58:35.376 [Test worker] DEBUG org.apache.http.headers - http-outgoing-1 << Content-Type: application/json; charset=utf-8
21:58:35.376 [Test worker] DEBUG org.apache.http.headers - http-outgoing-1 << Content-Length: 57
21:58:35.376 [Test worker] DEBUG org.apache.http.headers - http-outgoing-1 << ETag: W/"39-DZCljs7lO78mlzzLhpZDAWLscNQ"
21:58:35.376 [Test worker] DEBUG org.apache.http.headers - http-outgoing-1 << Date: Thu, 24 May 2018 16:28:35 GMT
21:58:35.376 [Test worker] DEBUG org.apache.http.headers - http-outgoing-1 << Connection: keep-alive
21:58:35.376 [Test worker] DEBUG org.apache.http.impl.execchain.MainClientExec - Connection can be kept alive indefinitely
21:58:35.377 [Test worker] DEBUG org.apache.http.impl.conn.PoolingHttpClientConnectionManager - Connection [id: 1][route: {}->http://localhost:3000] can be kept alive indefinitely
21:58:35.377 [Test worker] DEBUG org.apache.http.impl.conn.DefaultManagedHttpClientConnection - http-outgoing-1: set socket timeout to 0
21:58:35.377 [Test worker] DEBUG org.apache.http.impl.conn.PoolingHttpClientConnectionManager - Connection released: [id: 1][route: {}->http://localhost:3000][total kept alive: 1; route allocated: 1 of 5; total allocated: 1 of 10]
21:58:35.377 [Test worker] DEBUG com.intuit.karate - 
1 < 200
1 < Access-Control-Allow-Credentials: true
1 < Cache-Control: no-cache
1 < Connection: keep-alive
1 < Content-Length: 57
1 < Content-Type: application/json; charset=utf-8
1 < Date: Thu, 24 May 2018 16:28:35 GMT
1 < ETag: W/"39-DZCljs7lO78mlzzLhpZDAWLscNQ"
1 < Expires: -1
1 < Pragma: no-cache
1 < Vary: Origin, Accept-Encoding
1 < X-Content-Type-Options: nosniff
1 < X-Powered-By: Express
{
  "id": 2,
  "title": "TITLE2",
  "author": "AUTHOR2"
}

21:58:35.378 [Test worker] DEBUG com.intuit.karate - response time in milliseconds: 18
21:58:35.383 [Test worker] DEBUG com.jayway.jsonpath.internal.path.CompiledPath - Evaluating path: $
21:58:35.383 [Test worker] DEBUG com.jayway.jsonpath.internal.path.CompiledPath - Evaluating path: $
21:58:35.383 [Test worker] DEBUG com.jayway.jsonpath.internal.path.CompiledPath - Evaluating path: $
21:58:35.432 [Test worker] DEBUG org.apache.http.client.protocol.RequestAddCookies - CookieSpec selected: karate
21:58:35.433 [Test worker] DEBUG org.apache.http.client.protocol.RequestAuthCache - Auth cache not set in the context
21:58:35.434 [Test worker] DEBUG com.intuit.karate - 
1 > GET http://localhost:3000/posts/3
1 > Accept-Encoding: gzip,deflate
1 > Connection: Keep-Alive
1 > Host: localhost:3000
1 > User-Agent: Apache-HttpClient/4.5.5 (Java/1.8.0_152)

21:58:35.434 [Test worker] DEBUG org.apache.http.impl.conn.PoolingHttpClientConnectionManager - Connection request: [route: {}->http://localhost:3000][total kept alive: 0; route allocated: 0 of 5; total allocated: 0 of 10]
21:58:35.434 [Test worker] DEBUG org.apache.http.impl.conn.PoolingHttpClientConnectionManager - Connection leased: [id: 2][route: {}->http://localhost:3000][total kept alive: 0; route allocated: 1 of 5; total allocated: 1 of 10]
21:58:35.434 [Test worker] DEBUG org.apache.http.impl.execchain.MainClientExec - Opening connection {}->http://localhost:3000
21:58:35.434 [Test worker] DEBUG org.apache.http.impl.conn.DefaultHttpClientConnectionOperator - Connecting to localhost/127.0.0.1:3000
21:58:35.436 [Test worker] DEBUG org.apache.http.impl.conn.DefaultHttpClientConnectionOperator - Connection established 127.0.0.1:3106<->127.0.0.1:3000
21:58:35.436 [Test worker] DEBUG org.apache.http.impl.conn.DefaultManagedHttpClientConnection - http-outgoing-2: set socket timeout to 30000
21:58:35.436 [Test worker] DEBUG org.apache.http.impl.execchain.MainClientExec - Executing request GET /posts/3 HTTP/1.1
21:58:35.436 [Test worker] DEBUG org.apache.http.impl.execchain.MainClientExec - Target auth state: UNCHALLENGED
21:58:35.436 [Test worker] DEBUG org.apache.http.impl.execchain.MainClientExec - Proxy auth state: UNCHALLENGED
21:58:35.437 [Test worker] DEBUG org.apache.http.headers - http-outgoing-2 >> GET /posts/3 HTTP/1.1
21:58:35.437 [Test worker] DEBUG org.apache.http.headers - http-outgoing-2 >> Host: localhost:3000
21:58:35.437 [Test worker] DEBUG org.apache.http.headers - http-outgoing-2 >> Connection: Keep-Alive
21:58:35.437 [Test worker] DEBUG org.apache.http.headers - http-outgoing-2 >> User-Agent: Apache-HttpClient/4.5.5 (Java/1.8.0_152)
21:58:35.437 [Test worker] DEBUG org.apache.http.headers - http-outgoing-2 >> Accept-Encoding: gzip,deflate
21:58:35.437 [Test worker] DEBUG org.apache.http.wire - http-outgoing-2 >> "GET /posts/3 HTTP/1.1[\r][\n]"
21:58:35.457 [Test worker] DEBUG org.apache.http.wire - http-outgoing-2 >> "Host: localhost:3000[\r][\n]"
21:58:35.457 [Test worker] DEBUG org.apache.http.wire - http-outgoing-2 >> "Connection: Keep-Alive[\r][\n]"
21:58:35.458 [Test worker] DEBUG org.apache.http.wire - http-outgoing-2 >> "User-Agent: Apache-HttpClient/4.5.5 (Java/1.8.0_152)[\r][\n]"
21:58:35.458 [Test worker] DEBUG org.apache.http.wire - http-outgoing-2 >> "Accept-Encoding: gzip,deflate[\r][\n]"
21:58:35.458 [Test worker] DEBUG org.apache.http.wire - http-outgoing-2 >> "[\r][\n]"
21:58:35.459 [Test worker] DEBUG org.apache.http.wire - http-outgoing-2 << "HTTP/1.1 200 OK[\r][\n]"
21:58:35.460 [Test worker] DEBUG org.apache.http.wire - http-outgoing-2 << "X-Powered-By: Express[\r][\n]"
21:58:35.460 [Test worker] DEBUG org.apache.http.wire - http-outgoing-2 << "Vary: Origin, Accept-Encoding[\r][\n]"
21:58:35.460 [Test worker] DEBUG org.apache.http.wire - http-outgoing-2 << "Access-Control-Allow-Credentials: true[\r][\n]"
21:58:35.460 [Test worker] DEBUG org.apache.http.wire - http-outgoing-2 << "Cache-Control: no-cache[\r][\n]"
21:58:35.460 [Test worker] DEBUG org.apache.http.wire - http-outgoing-2 << "Pragma: no-cache[\r][\n]"
21:58:35.460 [Test worker] DEBUG org.apache.http.wire - http-outgoing-2 << "Expires: -1[\r][\n]"
21:58:35.460 [Test worker] DEBUG org.apache.http.wire - http-outgoing-2 << "X-Content-Type-Options: nosniff[\r][\n]"
21:58:35.460 [Test worker] DEBUG org.apache.http.wire - http-outgoing-2 << "Content-Type: application/json; charset=utf-8[\r][\n]"
21:58:35.460 [Test worker] DEBUG org.apache.http.wire - http-outgoing-2 << "Content-Length: 57[\r][\n]"
21:58:35.460 [Test worker] DEBUG org.apache.http.wire - http-outgoing-2 << "ETag: W/"39-yxWqws725WUTBPPJGm+YOaW1DTI"[\r][\n]"
21:58:35.460 [Test worker] DEBUG org.apache.http.wire - http-outgoing-2 << "Date: Thu, 24 May 2018 16:28:35 GMT[\r][\n]"
21:58:35.460 [Test worker] DEBUG org.apache.http.wire - http-outgoing-2 << "Connection: keep-alive[\r][\n]"
21:58:35.460 [Test worker] DEBUG org.apache.http.wire - http-outgoing-2 << "[\r][\n]"
21:58:35.460 [Test worker] DEBUG org.apache.http.wire - http-outgoing-2 << "{[\n]"
21:58:35.460 [Test worker] DEBUG org.apache.http.wire - http-outgoing-2 << "  "id": 3,[\n]"
21:58:35.460 [Test worker] DEBUG org.apache.http.wire - http-outgoing-2 << "  "title": "TITLE3",[\n]"
21:58:35.460 [Test worker] DEBUG org.apache.http.wire - http-outgoing-2 << "  "author": "AUTHOR3"[\n]"
21:58:35.460 [Test worker] DEBUG org.apache.http.wire - http-outgoing-2 << "}"
21:58:35.460 [Test worker] DEBUG org.apache.http.headers - http-outgoing-2 << HTTP/1.1 200 OK
21:58:35.460 [Test worker] DEBUG org.apache.http.headers - http-outgoing-2 << X-Powered-By: Express
21:58:35.460 [Test worker] DEBUG org.apache.http.headers - http-outgoing-2 << Vary: Origin, Accept-Encoding
21:58:35.460 [Test worker] DEBUG org.apache.http.headers - http-outgoing-2 << Access-Control-Allow-Credentials: true
21:58:35.461 [Test worker] DEBUG org.apache.http.headers - http-outgoing-2 << Cache-Control: no-cache
21:58:35.461 [Test worker] DEBUG org.apache.http.headers - http-outgoing-2 << Pragma: no-cache
21:58:35.461 [Test worker] DEBUG org.apache.http.headers - http-outgoing-2 << Expires: -1
21:58:35.461 [Test worker] DEBUG org.apache.http.headers - http-outgoing-2 << X-Content-Type-Options: nosniff
21:58:35.461 [Test worker] DEBUG org.apache.http.headers - http-outgoing-2 << Content-Type: application/json; charset=utf-8
21:58:35.461 [Test worker] DEBUG org.apache.http.headers - http-outgoing-2 << Content-Length: 57
21:58:35.461 [Test worker] DEBUG org.apache.http.headers - http-outgoing-2 << ETag: W/"39-yxWqws725WUTBPPJGm+YOaW1DTI"
21:58:35.461 [Test worker] DEBUG org.apache.http.headers - http-outgoing-2 << Date: Thu, 24 May 2018 16:28:35 GMT
21:58:35.461 [Test worker] DEBUG org.apache.http.headers - http-outgoing-2 << Connection: keep-alive
21:58:35.461 [Test worker] DEBUG org.apache.http.impl.execchain.MainClientExec - Connection can be kept alive indefinitely
21:58:35.461 [Test worker] DEBUG org.apache.http.impl.conn.PoolingHttpClientConnectionManager - Connection [id: 2][route: {}->http://localhost:3000] can be kept alive indefinitely
21:58:35.461 [Test worker] DEBUG org.apache.http.impl.conn.DefaultManagedHttpClientConnection - http-outgoing-2: set socket timeout to 0
21:58:35.461 [Test worker] DEBUG org.apache.http.impl.conn.PoolingHttpClientConnectionManager - Connection released: [id: 2][route: {}->http://localhost:3000][total kept alive: 1; route allocated: 1 of 5; total allocated: 1 of 10]
21:58:35.461 [Test worker] DEBUG com.intuit.karate - 
1 < 200
1 < Access-Control-Allow-Credentials: true
1 < Cache-Control: no-cache
1 < Connection: keep-alive
1 < Content-Length: 57
1 < Content-Type: application/json; charset=utf-8
1 < Date: Thu, 24 May 2018 16:28:35 GMT
1 < ETag: W/"39-yxWqws725WUTBPPJGm+YOaW1DTI"
1 < Expires: -1
1 < Pragma: no-cache
1 < Vary: Origin, Accept-Encoding
1 < X-Content-Type-Options: nosniff
1 < X-Powered-By: Express
{
  "id": 3,
  "title": "TITLE3",
  "author": "AUTHOR3"
}

21:58:35.462 [Test worker] DEBUG com.intuit.karate - response time in milliseconds: 35
21:58:35.465 [Test worker] DEBUG com.jayway.jsonpath.internal.path.CompiledPath - Evaluating path: $
21:58:35.465 [Test worker] DEBUG com.jayway.jsonpath.internal.path.CompiledPath - Evaluating path: $
21:58:35.465 [Test worker] DEBUG com.jayway.jsonpath.internal.path.CompiledPath - Evaluating path: $
3 Scenarios (?[32m3 passed?[0m)
15 Steps (?[32m15 passed?[0m)
0m0.792s
html report: (paste into browser to view)
-----------------------------------------
file:/C:/Temp/demos/gradle_karate_demo/build/surefire-reports/TEST-feature.DemoKarateTest.html

]]></system-out>
  <system-err><![CDATA[]]></system-err>
</testsuite>
