<testsuite failures="1" name="temp/03_inTemp.feature" skipped="0" tests="3" time="1.019541">
  <testcase classname="temp.03_inTemp" name="lets call a file" time="0.061384">
    <system-out>* print "In temp folder and calling  03_myJson.json from /first " ......... passed
* def myFile = "../first/02_another.feature" .............................. passed
And def myContent = read(myFile) .......................................... passed
* print myContent ......................................................... passed</system-out>
  </testcase>
  <testcase classname="temp.03_inTemp" name="lets try calling a feature" time="0.940509">
    <system-out>* print "In temp folder and calling  03_myJson.json from /first " ......... passed
* def myFile = "../first/02_another.feature" .............................. passed
And def myContent = read(myFile) .......................................... passed
* print myContent ......................................................... passed
* print "In temp folder and calling  01_test.feature from /first " ........ passed
And def BodyOfRequest = call read('../first/01_test.feature') ............. passed
* print "BodyOfRequest title from first request  -----&gt;",BodyOfRequest.response[0].title . passed</system-out>
  </testcase>
  <testcase classname="temp.03_inTemp" name="lets try reading a file for multipart upload" time="0.017647">
    <failure message="03_inTemp.feature:25 - could not find or read file: ../data/AutoTestFile_1113_413.dat">* print "In temp folder and calling  03_myJson.json from /first " ......... passed
* def myFile = "../first/02_another.feature" .............................. passed
And def myContent = read(myFile) .......................................... passed
* print myContent ......................................................... passed
* print "In temp folder and calling  01_test.feature from /first " ........ passed
And def BodyOfRequest = call read('../first/01_test.feature') ............. passed
* print "BodyOfRequest title from first request  -----&gt;",BodyOfRequest.response[0].title . passed
Given url 'https://www.4shared.com/' ...................................... passed
And multipart file myFile = { read: '../data/AutoTestFile_1113_413.dat', filename: 'upload-name.dat', contentType: 'text/plain' } . failed

Stack Trace:
com.intuit.karate.exception.KarateException: 03_inTemp.feature:25 - could not find or read file: ../data/AutoTestFile_1113_413.dat&#13;
	at ✽.And multipart file myFile = { read: '../data/AutoTestFile_1113_413.dat', filename: 'upload-name.dat', contentType: 'text/plain' } (03_inTemp.feature:25)&#13;

And multipart field message = 'hello world' ............................... skipped
When method post .......................................................... skipped
Then status 200 ........................................................... skipped
And def BodyOfRequest = call read('../first/01_test.feature') ............. skipped
* print "BodyOfRequest title from first request  -----&gt;",BodyOfRequest.response[0].title . skipped</failure>
  </testcase>
</testsuite>
