<testsuite failures="1" name="src/test/java/UIelements/toTestUnIgnoredFeature.feature" skipped="0" tests="1" time="14.684895">
  <testcase classname="src.test.java.UIelements.toTestUnIgnoredFeature" name="try using direct url for ui test instead of driver" time="14.684895">
    <failure message="toTestUnIgnoredFeature.feature:5 - evaluation (js) failed: if(locate(&quot;//input[@name='q']&quot;).exists)  input(&quot;//input[name='q']&quot;,'wikipedia Karate'), java.lang.RuntimeException: js eval failed twice:var e = document.evaluate(&quot;//input[name='q']&quot;, document, null, 9, null).singleNodeValue; e.focus(); try { e.selectionStart = e.selectionEnd = e.value.length } catch(x) {}, error: {&quot;type&quot;:&quot;object&quot;,&quot;subtype&quot;:&quot;error&quot;,&quot;className&quot;:&quot;TypeError&quot;,&quot;description&quot;:&quot;TypeError: Cannot read property 'focus' of null\n    at &lt;anonymous&gt;:1:92&quot;,&quot;objectId&quot;:&quot;{\&quot;injectedScriptId\&quot;:1,\&quot;id\&quot;:3}&quot;}&#10;stack trace: com.intuit.karate.driver.DevToolsDriver.eval(DevToolsDriver.java:300)">Given driver 'http://google.com' .......................................... passed
* if(locate("//input[@name='q']").exists)  input("//input[name='q']",'wikipedia Karate') . failed

Stack Trace:
com.intuit.karate.exception.KarateException: toTestUnIgnoredFeature.feature:5 - evaluation (js) failed: if(locate("//input[@name='q']").exists)  input("//input[name='q']",'wikipedia Karate'), java.lang.RuntimeException: js eval failed twice:var e = document.evaluate("//input[name='q']", document, null, 9, null).singleNodeValue; e.focus(); try { e.selectionStart = e.selectionEnd = e.value.length } catch(x) {}, error: {"type":"object","subtype":"error","className":"TypeError","description":"TypeError: Cannot read property 'focus' of null\n    at &lt;anonymous&gt;:1:92","objectId":"{\"injectedScriptId\":1,\"id\":3}"}
stack trace: com.intuit.karate.driver.DevToolsDriver.eval(DevToolsDriver.java:300)&#13;
	at ✽.* if(locate("//input[@name='q']").exists)  input("//input[name='q']",'wikipedia Karate') (toTestUnIgnoredFeature.feature:5)&#13;

And input("//input[@name='q']", 'wikipedia Karate') ....................... skipped
And click('input[name=btnK]') ............................................. skipped
Then waitFor("//span[text()='Karate - Wikipedia']") ....................... skipped
And delay(20000) .......................................................... skipped</failure>
  </testcase>
</testsuite>
